<?xml version="1.0" encoding="UTF-8"?>
<testng-results skipped="0" failed="0" total="3" passed="3">
  <reporter-output>
  </reporter-output>
  <suite name="Suite" duration-ms="34357" started-at="2022-09-20T07:54:38Z" finished-at="2022-09-20T07:55:13Z">
    <groups>
    </groups>
    <test name="Test" duration-ms="34357" started-at="2022-09-20T07:54:38Z" finished-at="2022-09-20T07:55:13Z">
      <class name="com.POM_Project_Main.Scripts.SanityTest">
        <test-method status="PASS" signature="addClient()[pri:3, instance:com.POM_Project_Main.Scripts.SanityTest@578486a3]" name="addClient" duration-ms="17227" started-at="2022-09-20T13:24:55Z" finished-at="2022-09-20T13:25:12Z">
          <reporter-output>
          </reporter-output>
        </test-method> <!-- addClient -->
        <test-method status="PASS" signature="takeScreenShotOnFailure(org.testng.ITestResult)[pri:0, instance:com.POM_Project_Main.Scripts.SanityTest@578486a3]" name="takeScreenShotOnFailure" is-config="true" duration-ms="0" started-at="2022-09-20T13:25:12Z" finished-at="2022-09-20T13:25:12Z">
          <params>
            <param index="0">
              <value>
                <![CDATA[[TestResult name=addClient status=SUCCESS method=SanityTest.addClient()[pri:3, instance:com.POM_Project_Main.Scripts.SanityTest@578486a3] output={null}]]]>
              </value>
            </param>
          </params>
          <reporter-output>
          </reporter-output>
        </test-method> <!-- takeScreenShotOnFailure -->
      </class> <!-- com.POM_Project_Main.Scripts.SanityTest -->
      <class name="com.POM_Project_Main.Scripts.RegressionTest">
        <test-method status="PASS" signature="beforeTest(java.lang.String)[pri:0, instance:com.POM_Project_Main.Scripts.RegressionTest@1f36e637]" name="beforeTest" is-config="true" duration-ms="9702" started-at="2022-09-20T13:24:38Z" finished-at="2022-09-20T13:24:48Z">
          <params>
            <param index="0">
              <value>
                <![CDATA[chrome]]>
              </value>
            </param>
          </params>
          <reporter-output>
          </reporter-output>
        </test-method> <!-- beforeTest -->
        <test-method status="PASS" signature="verifysigninInvalidEmailInvalidPassword(java.lang.String, java.lang.String)[pri:1, instance:com.POM_Project_Main.Scripts.RegressionTest@1f36e637]" name="verifysigninInvalidEmailInvalidPassword" duration-ms="1963" started-at="2022-09-20T13:24:49Z" data-provider="InvalidUserInvalidPass" finished-at="2022-09-20T13:24:51Z">
          <params>
            <param index="0">
              <value>
                <![CDATA[xyz@gmail.com]]>
              </value>
            </param>
            <param index="1">
              <value>
                <![CDATA[478956]]>
              </value>
            </param>
          </params>
          <reporter-output>
          </reporter-output>
        </test-method> <!-- verifysigninInvalidEmailInvalidPassword -->
        <test-method status="PASS" signature="takeScreenShotOnFailure(org.testng.ITestResult)[pri:0, instance:com.POM_Project_Main.Scripts.RegressionTest@1f36e637]" name="takeScreenShotOnFailure" is-config="true" duration-ms="0" started-at="2022-09-20T13:24:51Z" finished-at="2022-09-20T13:24:51Z">
          <params>
            <param index="0">
              <value>
                <![CDATA[[TestResult name=verifysigninInvalidEmailInvalidPassword status=SUCCESS method=RegressionTest.verifysigninInvalidEmailInvalidPassword(java.lang.String, java.lang.String)[pri:1, instance:com.POM_Project_Main.Scripts.RegressionTest@1f36e637] output={null}]]]>
              </value>
            </param>
          </params>
          <reporter-output>
          </reporter-output>
        </test-method> <!-- takeScreenShotOnFailure -->
        <test-method status="PASS" signature="verifysigninValidEmailValidPassword(java.lang.String, java.lang.String)[pri:2, instance:com.POM_Project_Main.Scripts.RegressionTest@1f36e637]" name="verifysigninValidEmailValidPassword" duration-ms="3925" started-at="2022-09-20T13:24:51Z" data-provider="ValiduserValidPass" finished-at="2022-09-20T13:24:55Z">
          <params>
            <param index="0">
              <value>
                <![CDATA[admin@admin.com]]>
              </value>
            </param>
            <param index="1">
              <value>
                <![CDATA[password]]>
              </value>
            </param>
          </params>
          <reporter-output>
          </reporter-output>
        </test-method> <!-- verifysigninValidEmailValidPassword -->
        <test-method status="PASS" signature="takeScreenShotOnFailure(org.testng.ITestResult)[pri:0, instance:com.POM_Project_Main.Scripts.RegressionTest@1f36e637]" name="takeScreenShotOnFailure" is-config="true" duration-ms="0" started-at="2022-09-20T13:24:55Z" finished-at="2022-09-20T13:24:55Z">
          <params>
            <param index="0">
              <value>
                <![CDATA[[TestResult name=verifysigninValidEmailValidPassword status=SUCCESS method=RegressionTest.verifysigninValidEmailValidPassword(java.lang.String, java.lang.String)[pri:2, instance:com.POM_Project_Main.Scripts.RegressionTest@1f36e637] output={null}]]]>
              </value>
            </param>
          </params>
          <reporter-output>
          </reporter-output>
        </test-method> <!-- takeScreenShotOnFailure -->
        <test-method status="PASS" signature="afterTest()[pri:0, instance:com.POM_Project_Main.Scripts.RegressionTest@1f36e637]" name="afterTest" is-config="true" duration-ms="122" started-at="2022-09-20T13:25:12Z" finished-at="2022-09-20T13:25:13Z">
          <reporter-output>
          </reporter-output>
        </test-method> <!-- afterTest -->
      </class> <!-- com.POM_Project_Main.Scripts.RegressionTest -->
    </test> <!-- Test -->
  </suite> <!-- Suite -->
</testng-results>
