<?xml version="1.0" encoding="UTF-8"?>
<!-- Generated by org.testng.reporters.JUnitXMLReporter -->
<testsuite hostname="LAPTOP-CJ41LFN6" name="chrometest" tests="5" failures="0" timestamp="20 Sep 2022 05:20:59 GMT" time="24.228" errors="0">
  <testcase name="verifysigninValidEmailInvalidPassword" time="1.516" classname="com.POM_Project_Main.Scripts.LoginTest"/>
  <testcase name="verifysigninInvalidEmailValidPassword" time="1.499" classname="com.POM_Project_Main.Scripts.LoginTest"/>
  <testcase name="verifysigninInvalidEmailInvalidPassword" time="1.573" classname="com.POM_Project_Main.Scripts.LoginTest"/>
  <testcase name="verifysigninValidEmailValidPassword" time="3.207" classname="com.POM_Project_Main.Scripts.LoginTest"/>
  <testcase name="addClient" time="5.917" classname="com.POM_Project_Main.Scripts.HomeTest"/>
</testsuite> <!-- chrometest -->
