<?xml version="1.0" encoding="UTF-8"?>
<!-- Generated by org.testng.reporters.JUnitXMLReporter -->
<testsuite hostname="LAPTOP-CJ41LFN6" name="edgetest" tests="5" failures="0" timestamp="20 Sep 2022 05:20:35 GMT" time="21.025" errors="0">
  <testcase name="verifysigninValidEmailInvalidPassword" time="1.355" classname="com.POM_Project_Main.Scripts.LoginTest"/>
  <testcase name="verifysigninInvalidEmailValidPassword" time="1.465" classname="com.POM_Project_Main.Scripts.LoginTest"/>
  <testcase name="verifysigninInvalidEmailInvalidPassword" time="1.587" classname="com.POM_Project_Main.Scripts.LoginTest"/>
  <testcase name="verifysigninValidEmailValidPassword" time="3.492" classname="com.POM_Project_Main.Scripts.LoginTest"/>
  <testcase name="addClient" time="6.572" classname="com.POM_Project_Main.Scripts.HomeTest"/>
</testsuite> <!-- edgetest -->
