<?xml version="1.0" encoding="UTF-8"?>
<!-- Generated by org.testng.reporters.JUnitXMLReporter -->
<testsuite hostname="LAPTOP-CJ41LFN6" name="firefoxtest" tests="5" failures="0" timestamp="20 Sep 2022 05:20:14 GMT" time="29.37" errors="0">
  <testcase name="verifysigninValidEmailInvalidPassword" time="1.534" classname="com.POM_Project_Main.Scripts.LoginTest"/>
  <testcase name="verifysigninInvalidEmailValidPassword" time="1.759" classname="com.POM_Project_Main.Scripts.LoginTest"/>
  <testcase name="verifysigninInvalidEmailInvalidPassword" time="1.521" classname="com.POM_Project_Main.Scripts.LoginTest"/>
  <testcase name="verifysigninValidEmailValidPassword" time="3.219" classname="com.POM_Project_Main.Scripts.LoginTest"/>
  <testcase name="addClient" time="6.153" classname="com.POM_Project_Main.Scripts.HomeTest"/>
</testsuite> <!-- firefoxtest -->
