<?xml version="1.0" encoding="UTF-8"?>
<!-- Generated by org.testng.reporters.JUnitXMLReporter -->
<testsuite hostname="LAPTOP-CJ41LFN6" name="groupingtest" tests="3" failures="0" timestamp="20 Sep 2022 05:28:30 GMT" time="23.004" errors="0">
  <testcase name="verifysigninInvalidEmailInvalidPassword" time="1.639" classname="com.POM_Project_Main.Scripts.LoginTest"/>
  <testcase name="verifysigninValidEmailValidPassword" time="3.474" classname="com.POM_Project_Main.Scripts.LoginTest"/>
  <testcase name="addClient" time="5.353" classname="com.POM_Project_Main.Scripts.HomeTest"/>
</testsuite> <!-- groupingtest -->
