<?xml version="1.0" encoding="UTF-8"?>
<!-- Generated by org.testng.reporters.JUnitXMLReporter -->
<testsuite hostname="LAPTOP-CJ41LFN6" name="Test" tests="3" failures="0" timestamp="20 Sep 2022 07:55:13 GMT" time="34.357" errors="0">
  <testcase name="verifysigninInvalidEmailInvalidPassword" time="1.963" classname="com.POM_Project_Main.Scripts.RegressionTest"/>
  <testcase name="verifysigninValidEmailValidPassword" time="3.925" classname="com.POM_Project_Main.Scripts.RegressionTest"/>
  <testcase name="addClient" time="17.227" classname="com.POM_Project_Main.Scripts.SanityTest"/>
</testsuite> <!-- Test -->
